[INFO] Scanning for projects...
Downloading: https://repo.maven.apache.org/maven2/com/google/inject/guice-parent/4.0-beta/guice-parent-4.0-beta.pom
3/14 KB   5/14 KB   8/14 KB   11/14 KB   13/14 KB   14/14 KB              Downloaded: https://repo.maven.apache.org/maven2/com/google/inject/guice-parent/4.0-beta/guice-parent-4.0-beta.pom (14 KB at 10.1 KB/sec)
[INFO]                                                                         
[INFO] ------------------------------------------------------------------------
[INFO] Building Google Guice - Core Library 4.0-beta
[INFO] ------------------------------------------------------------------------
Downloading: https://repo.maven.apache.org/maven2/org/codehaus/mojo/animal-sniffer-maven-plugin/1.6/animal-sniffer-maven-plugin-1.6.pom
3/5 KB     5/5 KB            Downloaded: https://repo.maven.apache.org/maven2/org/codehaus/mojo/animal-sniffer-maven-plugin/1.6/animal-sniffer-maven-plugin-1.6.pom (5 KB at 15.8 KB/sec)
Downloading: https://repo.maven.apache.org/maven2/org/codehaus/mojo/animal-sniffer-parent/1.6/animal-sniffer-parent-1.6.pom
3/5 KB   5/5 KB            Downloaded: https://repo.maven.apache.org/maven2/org/codehaus/mojo/animal-sniffer-parent/1.6/animal-sniffer-parent-1.6.pom (5 KB at 13.4 KB/sec)
Downloading: https://repo.maven.apache.org/maven2/org/codehaus/mojo/animal-sniffer-maven-plugin/1.6/animal-sniffer-maven-plugin-1.6.jar
3/25 KB   5/25 KB   8/25 KB   11/25 KB   13/25 KB   16/25 KB   19/25 KB   21/25 KB   24/25 KB   25/25 KB              Downloaded: https://repo.maven.apache.org/maven2/org/codehaus/mojo/animal-sniffer-maven-plugin/1.6/animal-sniffer-maven-plugin-1.6.jar (25 KB at 68.4 KB/sec)
Downloading: https://repo.maven.apache.org/maven2/org/sonatype/plugins/jarjar-maven-plugin/1.4/jarjar-maven-plugin-1.4.pom
3/5 KB     5/5 KB            Downloaded: https://repo.maven.apache.org/maven2/org/sonatype/plugins/jarjar-maven-plugin/1.4/jarjar-maven-plugin-1.4.pom (5 KB at 13.3 KB/sec)
Downloading: https://repo.maven.apache.org/maven2/org/sonatype/plugins/plugins-parent/6/plugins-parent-6.pom
3/7 KB   5/7 KB   7/7 KB            Downloaded: https://repo.maven.apache.org/maven2/org/sonatype/plugins/plugins-parent/6/plugins-parent-6.pom (7 KB at 20.3 KB/sec)
Downloading: https://repo.maven.apache.org/maven2/org/sonatype/plugins/jarjar-maven-plugin/1.4/jarjar-maven-plugin-1.4.jar
3/61 KB   5/61 KB   8/61 KB   11/61 KB   13/61 KB   16/61 KB   19/61 KB   21/61 KB   24/61 KB   27/61 KB   29/61 KB   32/61 KB   36/61 KB   40/61 KB   44/61 KB   48/61 KB   52/61 KB   56/61 KB   60/61 KB   61/61 KB              Downloaded: https://repo.maven.apache.org/maven2/org/sonatype/plugins/jarjar-maven-plugin/1.4/jarjar-maven-plugin-1.4.jar (61 KB at 102.2 KB/sec)
Downloading: https://repo.maven.apache.org/maven2/com/google/guava/guava/11.0.1/guava-11.0.1.pom
4/6 KB     6/6 KB            Downloaded: https://repo.maven.apache.org/maven2/com/google/guava/guava/11.0.1/guava-11.0.1.pom (6 KB at 16.7 KB/sec)
Downloading: https://repo.maven.apache.org/maven2/com/google/guava/guava-parent/11.0.1/guava-parent-11.0.1.pom
2/2 KB            Downloaded: https://repo.maven.apache.org/maven2/com/google/guava/guava-parent/11.0.1/guava-parent-11.0.1.pom (2 KB at 6.4 KB/sec)
Downloading: https://repo.maven.apache.org/maven2/cglib/cglib/3.0/cglib-3.0.pom
2/2 KB            Downloaded: https://repo.maven.apache.org/maven2/cglib/cglib/3.0/cglib-3.0.pom (2 KB at 4.7 KB/sec)
Downloading: https://repo.maven.apache.org/maven2/org/ow2/asm/asm/4.0/asm-4.0.pom
2/2 KB            Downloaded: https://repo.maven.apache.org/maven2/org/ow2/asm/asm/4.0/asm-4.0.pom (2 KB at 6.3 KB/sec)
Downloading: https://repo.maven.apache.org/maven2/org/ow2/asm/asm-util/4.0/asm-util-4.0.pom
3/3 KB            Downloaded: https://repo.maven.apache.org/maven2/org/ow2/asm/asm-util/4.0/asm-util-4.0.pom (3 KB at 6.3 KB/sec)
Downloading: https://repo.maven.apache.org/maven2/org/ow2/asm/asm-tree/4.0/asm-tree-4.0.pom
3/3 KB            Downloaded: https://repo.maven.apache.org/maven2/org/ow2/asm/asm-tree/4.0/asm-tree-4.0.pom (3 KB at 6.8 KB/sec)
Downloading: https://repo.maven.apache.org/maven2/org/testng/testng/5.11/testng-5.11.pom
3/3 KB            Downloaded: https://repo.maven.apache.org/maven2/org/testng/testng/5.11/testng-5.11.pom (3 KB at 6.9 KB/sec)
Downloading: https://repo.maven.apache.org/maven2/com/google/guava/guava/11.0.1/guava-11.0.1.jar
Downloading: https://repo.maven.apache.org/maven2/cglib/cglib/3.0/cglib-3.0.jar
Downloading: https://repo.maven.apache.org/maven2/org/ow2/asm/asm-util/4.0/asm-util-4.0.jar
Downloading: https://repo.maven.apache.org/maven2/org/ow2/asm/asm/4.0/asm-4.0.jar
Downloading: https://repo.maven.apache.org/maven2/org/ow2/asm/asm-tree/4.0/asm-tree-4.0.jar
3/45 KB   5/45 KB   8/45 KB   11/45 KB   13/45 KB   16/45 KB   19/45 KB   21/45 KB   24/45 KB   27/45 KB   29/45 KB   32/45 KB   36/45 KB   40/45 KB   44/45 KB   45/45 KB              Downloaded: https://repo.maven.apache.org/maven2/org/ow2/asm/asm/4.0/asm-4.0.jar (45 KB at 121.8 KB/sec)
Downloading: https://repo.maven.apache.org/maven2/junit/junit/4.7/junit-4.7.jar
4/227 KB   8/227 KB   12/227 KB   16/227 KB   20/227 KB   24/227 KB   28/227 KB   32/227 KB   36/227 KB   40/227 KB   44/227 KB   48/227 KB   48/227 KB   3/37 KB   48/227 KB   3/37 KB   3/277 KB   48/227 KB   6/37 KB   3/277 KB   48/227 KB   9/37 KB   3/277 KB   48/227 KB   9/37 KB   5/277 KB   48/227 KB   11/37 KB   5/277 KB   48/227 KB   11/37 KB   8/277 KB   48/227 KB   11/37 KB   11/277 KB   48/227 KB   11/37 KB   13/277 KB   48/227 KB   11/37 KB   3/1612 KB   13/277 KB   48/227 KB   11/37 KB   5/1612 KB   13/277 KB   48/227 KB   11/37 KB   8/1612 KB   13/277 KB   48/227 KB   11/37 KB   11/1612 KB   13/277 KB   48/227 KB   11/37 KB   13/1612 KB   13/277 KB   52/227 KB   11/37 KB   13/1612 KB   13/277 KB   56/227 KB   11/37 KB   13/1612 KB   13/277 KB   60/227 KB   11/37 KB   13/1612 KB   13/277 KB   64/227 KB   11/37 KB   13/1612 KB   13/277 KB   68/227 KB   11/37 KB   13/1612 KB   13/277 KB   72/227 KB   11/37 KB   13/1612 KB   13/277 KB   76/227 KB   11/37 KB   13/1612 KB   13/277 KB   80/227 KB   11/37 KB   13/1612 KB   13/277 KB   3/22 KB   80/227 KB   11/37 KB   13/1612 KB   13/277 KB   6/22 KB   80/227 KB   11/37 KB   13/1612 KB   13/277 KB   9/22 KB   80/227 KB   11/37 KB   13/1612 KB   13/277 KB   11/22 KB   80/227 KB   11/37 KB   13/1612 KB   13/277 KB   11/22 KB   84/227 KB   11/37 KB   13/1612 KB   13/277 KB   11/22 KB   88/227 KB   11/37 KB   13/1612 KB   13/277 KB   11/22 KB   92/227 KB   11/37 KB   13/1612 KB   13/277 KB   11/22 KB   96/227 KB   11/37 KB   13/1612 KB   13/277 KB   11/22 KB   100/227 KB   11/37 KB   13/1612 KB   13/277 KB   11/22 KB   104/227 KB   11/37 KB   13/1612 KB   13/277 KB   11/22 KB   108/227 KB   11/37 KB   13/1612 KB   13/277 KB   11/22 KB   112/227 KB   11/37 KB   13/1612 KB   13/277 KB   11/22 KB   112/227 KB   14/37 KB   13/1612 KB   13/277 KB   11/22 KB   112/227 KB   14/37 KB   13/1612 KB   16/277 KB   11/22 KB   112/227 KB   16/37 KB   13/1612 KB   16/277 KB   11/22 KB   112/227 KB   16/37 KB   16/1612 KB   16/277 KB   11/22 KB   112/227 KB   16/37 KB   16/1612 KB   19/277 KB   11/22 KB   112/227 KB   16/37 KB   19/1612 KB   19/277 KB   11/22 KB   112/227 KB   19/37 KB   19/1612 KB   19/277 KB   11/22 KB   112/227 KB   19/37 KB   19/1612 KB   21/277 KB   11/22 KB   112/227 KB   19/37 KB   21/1612 KB   21/277 KB   11/22 KB   112/227 KB   22/37 KB   21/1612 KB   21/277 KB   11/22 KB   116/227 KB   22/37 KB   21/1612 KB   21/277 KB   11/22 KB   120/227 KB   22/37 KB   21/1612 KB   21/277 KB   11/22 KB   124/227 KB   22/37 KB   21/1612 KB   21/277 KB   11/22 KB   128/227 KB   22/37 KB   21/1612 KB   21/277 KB   11/22 KB   128/227 KB   22/37 KB   21/1612 KB   24/277 KB   11/22 KB   128/227 KB   25/37 KB   21/1612 KB   24/277 KB   11/22 KB   128/227 KB   25/37 KB   24/1612 KB   24/277 KB   11/22 KB   128/227 KB   25/37 KB   24/1612 KB   27/277 KB   11/22 KB   132/227 KB   25/37 KB   24/1612 KB   27/277 KB   11/22 KB   136/227 KB   25/37 KB   24/1612 KB   27/277 KB   11/22 KB   140/227 KB   25/37 KB   24/1612 KB   27/277 KB   11/22 KB   144/227 KB   25/37 KB   24/1612 KB   27/277 KB   11/22 KB   144/227 KB   25/37 KB   27/1612 KB   27/277 KB   11/22 KB   144/227 KB   27/37 KB   27/1612 KB   27/277 KB   14/22 KB   144/227 KB   27/37 KB   27/1612 KB   27/277 KB   14/22 KB   144/227 KB   27/37 KB   27/1612 KB   29/277 KB   14/22 KB   144/227 KB   30/37 KB   27/1612 KB   29/277 KB   14/22 KB   144/227 KB   32/37 KB   27/1612 KB   29/277 KB   14/22 KB   148/227 KB   32/37 KB   27/1612 KB   29/277 KB   14/22 KB   152/227 KB   32/37 KB   27/1612 KB   29/277 KB   14/22 KB   156/227 KB   32/37 KB   27/1612 KB   29/277 KB   14/22 KB   160/227 KB   32/37 KB   27/1612 KB   29/277 KB   14/22 KB   160/227 KB   32/37 KB   27/1612 KB   32/277 KB   14/22 KB   160/227 KB   32/37 KB   29/1612 KB   32/277 KB   16/22 KB   160/227 KB   35/37 KB   29/1612 KB   32/277 KB   16/22 KB   160/227 KB   35/37 KB   29/1612 KB   32/277 KB   16/22 KB   164/227 KB   35/37 KB   29/1612 KB   32/277 KB   16/22 KB   168/227 KB   35/37 KB   29/1612 KB   32/277 KB   16/22 KB   172/227 KB   35/37 KB   29/1612 KB   32/277 KB   16/22 KB   176/227 KB   35/37 KB   29/1612 KB   32/277 KB   16/22 KB   176/227 KB   35/37 KB   32/1612 KB   32/277 KB   16/22 KB   176/227 KB   37/37 KB   32/1612 KB   32/277 KB   16/22 KB   180/227 KB   37/37 KB   32/1612 KB   32/277 KB   16/22 KB   184/227 KB   37/37 KB   32/1612 KB   32/277 KB   16/22 KB   188/227 KB   37/37 KB   32/1612 KB   32/277 KB   16/22 KB   192/227 KB   37/37 KB   32/1612 KB   32/277 KB   19/22 KB   192/227 KB   37/37 KB   32/1612 KB   32/277 KB   19/22 KB   196/227 KB   37/37 KB   32/1612 KB   32/277 KB   22/22 KB   196/227 KB   37/37 KB   32/1612 KB   32/277 KB   22/22 KB   196/227 KB   37/37 KB   32/1612 KB   32/277 KB   22/22 KB   200/227 KB   37/37 KB   32/1612 KB   32/277 KB   22/22 KB   204/227 KB   37/37 KB   32/1612 KB   32/277 KB   22/22 KB   208/227 KB   37/37 KB   32/1612 KB   32/277 KB   22/22 KB   212/227 KB   37/37 KB   32/1612 KB   32/277 KB   22/22 KB   216/227 KB   37/37 KB   32/1612 KB   32/277 KB   22/22 KB   220/227 KB   37/37 KB   32/1612 KB   32/277 KB   22/22 KB   224/227 KB   37/37 KB   32/1612 KB   32/277 KB   22/22 KB   227/227 KB   37/37 KB   32/1612 KB   32/277 KB   22/22 KB   227/227 KB   37/37 KB   32/1612 KB   36/277 KB   22/22 KB   227/227 KB   37/37 KB   32/1612 KB   40/277 KB   22/22 KB   227/227 KB   37/37 KB   32/1612 KB   44/277 KB   22/22 KB   227/227 KB   37/37 KB   32/1612 KB   48/277 KB   22/22 KB   227/227 KB   37/37 KB   36/1612 KB   48/277 KB   22/22 KB   227/227 KB   37/37 KB   40/1612 KB   48/277 KB   22/22 KB   227/227 KB   37/37 KB   44/1612 KB   48/277 KB   22/22 KB   227/227 KB   37/37 KB   48/1612 KB   48/277 KB   22/22 KB   227/227 KB   37/37 KB   48/1612 KB   52/277 KB   22/22 KB   227/227 KB   37/37 KB   48/1612 KB   56/277 KB   22/22 KB   227/227 KB   37/37 KB   48/1612 KB   60/277 KB   22/22 KB   227/227 KB   37/37 KB   48/1612 KB   64/277 KB   22/22 KB   227/227 KB   37/37 KB   52/1612 KB   64/277 KB   22/22 KB   227/227 KB   37/37 KB   56/1612 KB   64/277 KB   22/22 KB   227/227 KB   37/37 KB   60/1612 KB   64/277 KB   22/22 KB   227/227 KB   37/37 KB   64/1612 KB   64/277 KB                                                               Downloaded: https://repo.maven.apache.org/maven2/org/ow2/asm/asm-util/4.0/asm-util-4.0.jar (37 KB at 36.6 KB/sec)
Downloading: https://repo.maven.apache.org/maven2/org/testng/testng/5.11/testng-5.11-jdk15.jar
22/22 KB   227/227 KB   64/1612 KB   68/277 KB              22/22 KB   227/227 KB   64/1612 KB   72/277 KB   22/22 KB   227/227 KB   64/1612 KB   76/277 KB   22/22 KB   227/227 KB   64/1612 KB   80/277 KB                                                    Downloaded: https://repo.maven.apache.org/maven2/org/ow2/asm/asm-tree/4.0/asm-tree-4.0.jar (22 KB at 21.7 KB/sec)
227/227 KB   68/1612 KB   80/277 KB              227/227 KB   72/1612 KB   80/277 KB   227/227 KB   76/1612 KB   80/277 KB   227/227 KB   80/1612 KB   80/277 KB                                         Downloaded: https://repo.maven.apache.org/maven2/junit/junit/4.7/junit-4.7.jar (227 KB at 226.9 KB/sec)
80/1612 KB   84/277 KB                80/1612 KB   88/277 KB   80/1612 KB   92/277 KB   80/1612 KB   96/277 KB   84/1612 KB   96/277 KB   88/1612 KB   96/277 KB   92/1612 KB   96/277 KB   96/1612 KB   96/277 KB   96/1612 KB   100/277 KB   96/1612 KB   104/277 KB   96/1612 KB   108/277 KB   96/1612 KB   112/277 KB   100/1612 KB   112/277 KB   104/1612 KB   112/277 KB   108/1612 KB   112/277 KB   112/1612 KB   112/277 KB   112/1612 KB   116/277 KB   112/1612 KB   120/277 KB   112/1612 KB   124/277 KB   112/1612 KB   128/277 KB   116/1612 KB   128/277 KB   120/1612 KB   128/277 KB   124/1612 KB   128/277 KB   128/1612 KB   128/277 KB   128/1612 KB   132/277 KB   128/1612 KB   136/277 KB   128/1612 KB   140/277 KB   128/1612 KB   144/277 KB   132/1612 KB   144/277 KB   136/1612 KB   144/277 KB   140/1612 KB   144/277 KB   144/1612 KB   144/277 KB   3/867 KB   144/1612 KB   144/277 KB   5/867 KB   144/1612 KB   144/277 KB   8/867 KB   144/1612 KB   144/277 KB   11/867 KB   144/1612 KB   144/277 KB   13/867 KB   144/1612 KB   144/277 KB   13/867 KB   144/1612 KB   148/277 KB   16/867 KB   144/1612 KB   148/277 KB   16/867 KB   144/1612 KB   152/277 KB   16/867 KB   144/1612 KB   156/277 KB   16/867 KB   148/1612 KB   160/277 KB   16/867 KB   148/1612 KB   156/277 KB   16/867 KB   152/1612 KB   160/277 KB   16/867 KB   156/1612 KB   160/277 KB   16/867 KB   160/1612 KB   160/277 KB   19/867 KB   160/1612 KB   160/277 KB   21/867 KB   160/1612 KB   160/277 KB   24/867 KB   160/1612 KB   160/277 KB   27/867 KB   160/1612 KB   160/277 KB   29/867 KB   160/1612 KB   160/277 KB   32/867 KB   160/1612 KB   160/277 KB   32/867 KB   160/1612 KB   164/277 KB   32/867 KB   164/1612 KB   168/277 KB   32/867 KB   164/1612 KB   172/277 KB   32/867 KB   164/1612 KB   176/277 KB   32/867 KB   164/1612 KB   164/277 KB   32/867 KB   168/1612 KB   176/277 KB   32/867 KB   172/1612 KB   176/277 KB   32/867 KB   176/1612 KB   176/277 KB   32/867 KB   176/1612 KB   180/277 KB   32/867 KB   176/1612 KB   184/277 KB   32/867 KB   176/1612 KB   188/277 KB   32/867 KB   176/1612 KB   192/277 KB   32/867 KB   180/1612 KB   192/277 KB   32/867 KB   184/1612 KB   192/277 KB   32/867 KB   188/1612 KB   192/277 KB   32/867 KB   192/1612 KB   192/277 KB   32/867 KB   192/1612 KB   196/277 KB   32/867 KB   192/1612 KB   200/277 KB   32/867 KB   192/1612 KB   204/277 KB   32/867 KB   192/1612 KB   208/277 KB   32/867 KB   196/1612 KB   208/277 KB   32/867 KB   200/1612 KB   208/277 KB   32/867 KB   204/1612 KB   208/277 KB   32/867 KB   208/1612 KB   208/277 KB   36/867 KB   208/1612 KB   208/277 KB   40/867 KB   208/1612 KB   208/277 KB   44/867 KB   208/1612 KB   208/277 KB   48/867 KB   208/1612 KB   208/277 KB   48/867 KB   208/1612 KB   212/277 KB   48/867 KB   208/1612 KB   216/277 KB   48/867 KB   208/1612 KB   220/277 KB   48/867 KB   208/1612 KB   224/277 KB   52/867 KB   208/1612 KB   224/277 KB   56/867 KB   208/1612 KB   224/277 KB   60/867 KB   208/1612 KB   224/277 KB   64/867 KB   208/1612 KB   224/277 KB   64/867 KB   212/1612 KB   224/277 KB   64/867 KB   216/1612 KB   224/277 KB   64/867 KB   220/1612 KB   224/277 KB   64/867 KB   224/1612 KB   224/277 KB   68/867 KB   224/1612 KB   224/277 KB   72/867 KB   224/1612 KB   224/277 KB   76/867 KB   224/1612 KB   224/277 KB   80/867 KB   224/1612 KB   224/277 KB   84/867 KB   224/1612 KB   224/277 KB   88/867 KB   224/1612 KB   224/277 KB   92/867 KB   224/1612 KB   224/277 KB   96/867 KB   224/1612 KB   224/277 KB   96/867 KB   224/1612 KB   228/277 KB   96/867 KB   224/1612 KB   232/277 KB   96/867 KB   228/1612 KB   232/277 KB   96/867 KB   232/1612 KB   232/277 KB   96/867 KB   236/1612 KB   232/277 KB   96/867 KB   240/1612 KB   236/277 KB   96/867 KB   236/1612 KB   236/277 KB   96/867 KB   240/1612 KB   240/277 KB   96/867 KB   240/1612 KB   244/277 KB   96/867 KB   240/1612 KB   248/277 KB   96/867 KB   240/1612 KB   252/277 KB   96/867 KB   240/1612 KB   256/277 KB   96/867 KB   240/1612 KB   260/277 KB   96/867 KB   240/1612 KB   264/277 KB   96/867 KB   240/1612 KB   268/277 KB   96/867 KB   240/1612 KB   272/277 KB   96/867 KB   240/1612 KB   276/277 KB   96/867 KB   240/1612 KB   277/277 KB   96/867 KB   244/1612 KB   277/277 KB   96/867 KB   248/1612 KB   277/277 KB   96/867 KB   252/1612 KB   277/277 KB   96/867 KB   256/1612 KB   277/277 KB   96/867 KB   260/1612 KB   277/277 KB   96/867 KB   264/1612 KB   277/277 KB   96/867 KB   268/1612 KB   277/277 KB   96/867 KB   272/1612 KB   277/277 KB   96/867 KB   276/1612 KB   277/277 KB   96/867 KB   280/1612 KB   277/277 KB   96/867 KB   284/1612 KB   277/277 KB   96/867 KB   288/1612 KB   277/277 KB   100/867 KB   288/1612 KB   277/277 KB   104/867 KB   288/1612 KB   277/277 KB   108/867 KB   288/1612 KB   277/277 KB   112/867 KB   288/1612 KB   277/277 KB   112/867 KB   292/1612 KB   277/277 KB   112/867 KB   296/1612 KB   277/277 KB   112/867 KB   300/1612 KB   277/277 KB   112/867 KB   304/1612 KB   277/277 KB   112/867 KB   308/1612 KB   277/277 KB   112/867 KB   312/1612 KB   277/277 KB   112/867 KB   316/1612 KB   277/277 KB   112/867 KB   320/1612 KB   277/277 KB   116/867 KB   320/1612 KB   277/277 KB   120/867 KB   320/1612 KB   277/277 KB   124/867 KB   320/1612 KB   277/277 KB   128/867 KB   320/1612 KB   277/277 KB   128/867 KB   324/1612 KB   277/277 KB   128/867 KB   328/1612 KB   277/277 KB   128/867 KB   332/1612 KB   277/277 KB   128/867 KB   336/1612 KB   277/277 KB   128/867 KB   340/1612 KB   277/277 KB   128/867 KB   344/1612 KB   277/277 KB   128/867 KB   348/1612 KB   277/277 KB   128/867 KB   352/1612 KB   277/277 KB   128/867 KB   356/1612 KB   277/277 KB   128/867 KB   360/1612 KB   277/277 KB   128/867 KB   364/1612 KB   277/277 KB   132/867 KB   364/1612 KB   277/277 KB   132/867 KB   368/1612 KB   277/277 KB   136/867 KB   368/1612 KB   277/277 KB   140/867 KB   368/1612 KB   277/277 KB   144/867 KB   368/1612 KB   277/277 KB   148/867 KB   368/1612 KB   277/277 KB   152/867 KB   368/1612 KB   277/277 KB   156/867 KB   368/1612 KB   277/277 KB   160/867 KB   368/1612 KB   277/277 KB   160/867 KB   372/1612 KB   277/277 KB   160/867 KB   376/1612 KB   277/277 KB   160/867 KB   380/1612 KB   277/277 KB   160/867 KB   384/1612 KB   277/277 KB   160/867 KB   388/1612 KB   277/277 KB   160/867 KB   392/1612 KB   277/277 KB   160/867 KB   396/1612 KB   277/277 KB   160/867 KB   400/1612 KB   277/277 KB   160/867 KB   404/1612 KB   277/277 KB   160/867 KB   408/1612 KB   277/277 KB   160/867 KB   412/1612 KB   277/277 KB   160/867 KB   416/1612 KB   277/277 KB   160/867 KB   420/1612 KB   277/277 KB   160/867 KB   424/1612 KB   277/277 KB   160/867 KB   428/1612 KB   277/277 KB   160/867 KB   432/1612 KB   277/277 KB   160/867 KB   436/1612 KB   277/277 KB   160/867 KB   440/1612 KB   277/277 KB   160/867 KB   444/1612 KB   277/277 KB   160/867 KB   448/1612 KB   277/277 KB                                           Downloaded: https://repo.maven.apache.org/maven2/cglib/cglib/3.0/cglib-3.0.jar (277 KB at 175.4 KB/sec)
160/867 KB   452/1612 KB                160/867 KB   456/1612 KB   160/867 KB   460/1612 KB   160/867 KB   464/1612 KB   160/867 KB   468/1612 KB   160/867 KB   472/1612 KB   160/867 KB   476/1612 KB   160/867 KB   480/1612 KB   160/867 KB   484/1612 KB   160/867 KB   488/1612 KB   164/867 KB   488/1612 KB   164/867 KB   492/1612 KB   168/867 KB   492/1612 KB   168/867 KB   496/1612 KB   172/867 KB   496/1612 KB   176/867 KB   496/1612 KB   176/867 KB   500/1612 KB   176/867 KB   504/1612 KB   176/867 KB   508/1612 KB   176/867 KB   512/1612 KB   176/867 KB   516/1612 KB   176/867 KB   520/1612 KB   176/867 KB   524/1612 KB   176/867 KB   528/1612 KB   176/867 KB   532/1612 KB   176/867 KB   536/1612 KB   176/867 KB   540/1612 KB   176/867 KB   544/1612 KB   176/867 KB   548/1612 KB   176/867 KB   552/1612 KB   180/867 KB   552/1612 KB   180/867 KB   556/1612 KB   184/867 KB   556/1612 KB   188/867 KB   560/1612 KB   188/867 KB   560/1612 KB   192/867 KB   560/1612 KB   192/867 KB   564/1612 KB   192/867 KB   568/1612 KB   192/867 KB   572/1612 KB   196/867 KB   572/1612 KB   200/867 KB   576/1612 KB   200/867 KB   576/1612 KB   204/867 KB   576/1612 KB   208/867 KB   576/1612 KB   208/867 KB   580/1612 KB   208/867 KB   584/1612 KB   208/867 KB   588/1612 KB   208/867 KB   592/1612 KB   208/867 KB   596/1612 KB   208/867 KB   600/1612 KB   208/867 KB   604/1612 KB   208/867 KB   608/1612 KB   212/867 KB   608/1612 KB   216/867 KB   608/1612 KB   220/867 KB   608/1612 KB   224/867 KB   608/1612 KB   224/867 KB   612/1612 KB   224/867 KB   616/1612 KB   224/867 KB   620/1612 KB   224/867 KB   624/1612 KB   224/867 KB   628/1612 KB   228/867 KB   628/1612 KB   228/867 KB   632/1612 KB   232/867 KB   632/1612 KB   232/867 KB   636/1612 KB   236/867 KB   636/1612 KB   236/867 KB   640/1612 KB   240/867 KB   640/1612 KB   240/867 KB   644/1612 KB   240/867 KB   648/1612 KB   240/867 KB   652/1612 KB   244/867 KB   652/1612 KB   244/867 KB   656/1612 KB   248/867 KB   656/1612 KB   252/867 KB   656/1612 KB   256/867 KB   656/1612 KB   256/867 KB   660/1612 KB   256/867 KB   664/1612 KB   256/867 KB   668/1612 KB   256/867 KB   672/1612 KB   256/867 KB   676/1612 KB   256/867 KB   680/1612 KB   260/867 KB   680/1612 KB   260/867 KB   684/1612 KB   264/867 KB   684/1612 KB   264/867 KB   688/1612 KB   268/867 KB   688/1612 KB   272/867 KB   688/1612 KB   276/867 KB   688/1612 KB   280/867 KB   688/1612 KB   284/867 KB   688/1612 KB   288/867 KB   688/1612 KB   292/867 KB   688/1612 KB   296/867 KB   688/1612 KB   300/867 KB   688/1612 KB   304/867 KB   688/1612 KB   308/867 KB   688/1612 KB   312/867 KB   688/1612 KB   316/867 KB   688/1612 KB   320/867 KB   688/1612 KB   324/867 KB   688/1612 KB   328/867 KB   688/1612 KB   332/867 KB   688/1612 KB   336/867 KB   688/1612 KB   336/867 KB   692/1612 KB   336/867 KB   696/1612 KB   336/867 KB   700/1612 KB   336/867 KB   704/1612 KB   336/867 KB   708/1612 KB   336/867 KB   712/1612 KB   336/867 KB   716/1612 KB   336/867 KB   720/1612 KB   336/867 KB   724/1612 KB   336/867 KB   728/1612 KB   336/867 KB   732/1612 KB   336/867 KB   736/1612 KB   336/867 KB   740/1612 KB   336/867 KB   744/1612 KB   336/867 KB   748/1612 KB   336/867 KB   752/1612 KB   336/867 KB   756/1612 KB   336/867 KB   760/1612 KB   336/867 KB   764/1612 KB   336/867 KB   768/1612 KB   336/867 KB   772/1612 KB   336/867 KB   776/1612 KB   336/867 KB   780/1612 KB   336/867 KB   784/1612 KB   336/867 KB   788/1612 KB   336/867 KB   792/1612 KB   336/867 KB   796/1612 KB   336/867 KB   800/1612 KB   336/867 KB   804/1612 KB   336/867 KB   808/1612 KB   336/867 KB   812/1612 KB   336/867 KB   816/1612 KB   336/867 KB   820/1612 KB   336/867 KB   824/1612 KB   336/867 KB   828/1612 KB   336/867 KB   832/1612 KB   336/867 KB   836/1612 KB   336/867 KB   840/1612 KB   336/867 KB   844/1612 KB   336/867 KB   848/1612 KB   336/867 KB   852/1612 KB   336/867 KB   856/1612 KB   336/867 KB   860/1612 KB   336/867 KB   864/1612 KB   336/867 KB   868/1612 KB   336/867 KB   872/1612 KB   340/867 KB   872/1612 KB   340/867 KB   876/1612 KB   344/867 KB   876/1612 KB   344/867 KB   880/1612 KB   348/867 KB   880/1612 KB   352/867 KB   880/1612 KB   352/867 KB   884/1612 KB   352/867 KB   888/1612 KB   352/867 KB   892/1612 KB   352/867 KB   896/1612 KB   352/867 KB   900/1612 KB   352/867 KB   904/1612 KB   352/867 KB   908/1612 KB   352/867 KB   912/1612 KB   352/867 KB   916/1612 KB   352/867 KB   920/1612 KB   352/867 KB   924/1612 KB   352/867 KB   928/1612 KB   352/867 KB   932/1612 KB   352/867 KB   936/1612 KB   352/867 KB   940/1612 KB   352/867 KB   944/1612 KB   356/867 KB   944/1612 KB   360/867 KB   944/1612 KB   364/867 KB   944/1612 KB   368/867 KB   944/1612 KB   368/867 KB   948/1612 KB   368/867 KB   952/1612 KB   368/867 KB   956/1612 KB   368/867 KB   960/1612 KB   368/867 KB   964/1612 KB   368/867 KB   968/1612 KB   368/867 KB   972/1612 KB   368/867 KB   976/1612 KB   368/867 KB   980/1612 KB   368/867 KB   984/1612 KB   368/867 KB   988/1612 KB   372/867 KB   988/1612 KB   372/867 KB   992/1612 KB   376/867 KB   992/1612 KB   380/867 KB   992/1612 KB   384/867 KB   992/1612 KB   384/867 KB   996/1612 KB   384/867 KB   1000/1612 KB   384/867 KB   1004/1612 KB   384/867 KB   1008/1612 KB   384/867 KB   1012/1612 KB   384/867 KB   1016/1612 KB   388/867 KB   1016/1612 KB   388/867 KB   1020/1612 KB   392/867 KB   1020/1612 KB   392/867 KB   1020/1612 KB   392/867 KB   1024/1612 KB   392/867 KB   1028/1612 KB   392/867 KB   1032/1612 KB   392/867 KB   1036/1612 KB   392/867 KB   1040/1612 KB   392/867 KB   1044/1612 KB   392/867 KB   1048/1612 KB   392/867 KB   1052/1612 KB   396/867 KB   1052/1612 KB   396/867 KB   1056/1612 KB   400/867 KB   1056/1612 KB   404/867 KB   1056/1612 KB   408/867 KB   1056/1612 KB   408/867 KB   1060/1612 KB   408/867 KB   1064/1612 KB   408/867 KB   1068/1612 KB   408/867 KB   1072/1612 KB   408/867 KB   1076/1612 KB   412/867 KB   1076/1612 KB   412/867 KB   1080/1612 KB   416/867 KB   1080/1612 KB   416/867 KB   1084/1612 KB   420/867 KB   1084/1612 KB   420/867 KB   1088/1612 KB   424/867 KB   1088/1612 KB   424/867 KB   1092/1612 KB   424/867 KB   1096/1612 KB   424/867 KB   1100/1612 KB   424/867 KB   1104/1612 KB   424/867 KB   1108/1612 KB   424/867 KB   1112/1612 KB   424/867 KB   1116/1612 KB   424/867 KB   1120/1612 KB   424/867 KB   1124/1612 KB   424/867 KB   1128/1612 KB   428/867 KB   1128/1612 KB   428/867 KB   1132/1612 KB   432/867 KB   1132/1612 KB   432/867 KB   1136/1612 KB   436/867 KB   1136/1612 KB   440/867 KB   1136/1612 KB   440/867 KB   1140/1612 KB   440/867 KB   1144/1612 KB   440/867 KB   1148/1612 KB   440/867 KB   1152/1612 KB   444/867 KB   1152/1612 KB   444/867 KB   1156/1612 KB   448/867 KB   1156/1612 KB   448/867 KB   1160/1612 KB   452/867 KB   1160/1612 KB   456/867 KB   1164/1612 KB   456/867 KB   1164/1612 KB   456/867 KB   1168/1612 KB   456/867 KB   1172/1612 KB   456/867 KB   1176/1612 KB   456/867 KB   1180/1612 KB   456/867 KB   1184/1612 KB   456/867 KB   1188/1612 KB   456/867 KB   1192/1612 KB   456/867 KB   1196/1612 KB   456/867 KB   1200/1612 KB   456/867 KB   1204/1612 KB   456/867 KB   1208/1612 KB   456/867 KB   1212/1612 KB   460/867 KB   1212/1612 KB   460/867 KB   1216/1612 KB   464/867 KB   1216/1612 KB   468/867 KB   1216/1612 KB   472/867 KB   1216/1612 KB   472/867 KB   1220/1612 KB   472/867 KB   1224/1612 KB   472/867 KB   1228/1612 KB   476/867 KB   1228/1612 KB   480/867 KB   1232/1612 KB   480/867 KB   1232/1612 KB   484/867 KB   1232/1612 KB   488/867 KB   1232/1612 KB   488/867 KB   1236/1612 KB   488/867 KB   1240/1612 KB   492/867 KB   1240/1612 KB   492/867 KB   1244/1612 KB   496/867 KB   1244/1612 KB   496/867 KB   1248/1612 KB   500/867 KB   1248/1612 KB   504/867 KB   1248/1612 KB   504/867 KB   1252/1612 KB   504/867 KB   1256/1612 KB   504/867 KB   1260/1612 KB   504/867 KB   1264/1612 KB   504/867 KB   1268/1612 KB   504/867 KB   1272/1612 KB   504/867 KB   1276/1612 KB   504/867 KB   1280/1612 KB   504/867 KB   1284/1612 KB   504/867 KB   1285/1612 KB   504/867 KB   1289/1612 KB   504/867 KB   1293/1612 KB   504/867 KB   1297/1612 KB   504/867 KB   1301/1612 KB   508/867 KB   1301/1612 KB   512/867 KB   1301/1612 KB   516/867 KB   1301/1612 KB   520/867 KB   1301/1612 KB   524/867 KB   1301/1612 KB   528/867 KB   1301/1612 KB   532/867 KB   1301/1612 KB   536/867 KB   1301/1612 KB   540/867 KB   1301/1612 KB   544/867 KB   1301/1612 KB   548/867 KB   1301/1612 KB   552/867 KB   1301/1612 KB   552/867 KB   1305/1612 KB   556/867 KB   1305/1612 KB   556/867 KB   1309/1612 KB   560/867 KB   1309/1612 KB   560/867 KB   1313/1612 KB   564/867 KB   1313/1612 KB   564/867 KB   1317/1612 KB   568/867 KB   1317/1612 KB   568/867 KB   1321/1612 KB   568/867 KB   1325/1612 KB   572/867 KB   1325/1612 KB   572/867 KB   1329/1612 KB   576/867 KB   1329/1612 KB   576/867 KB   1333/1612 KB   580/867 KB   1333/1612 KB   584/867 KB   1333/1612 KB   588/867 KB   1333/1612 KB   592/867 KB   1333/1612 KB   596/867 KB   1333/1612 KB   600/867 KB   1333/1612 KB   600/867 KB   1337/1612 KB   600/867 KB   1341/1612 KB   600/867 KB   1345/1612 KB   600/867 KB   1349/1612 KB   604/867 KB   1349/1612 KB   608/867 KB   1349/1612 KB   612/867 KB   1349/1612 KB   616/867 KB   1349/1612 KB   620/867 KB   1349/1612 KB   624/867 KB   1349/1612 KB   628/867 KB   1349/1612 KB   632/867 KB   1349/1612 KB   632/867 KB   1353/1612 KB   632/867 KB   1357/1612 KB   632/867 KB   1361/1612 KB   632/867 KB   1365/1612 KB   636/867 KB   1365/1612 KB   640/867 KB   1365/1612 KB   644/867 KB   1365/1612 KB   648/867 KB   1365/1612 KB   648/867 KB   1369/1612 KB   648/867 KB   1373/1612 KB   648/867 KB   1377/1612 KB   652/867 KB   1381/1612 KB   652/867 KB   1385/1612 KB   652/867 KB   1389/1612 KB   652/867 KB   1393/1612 KB   652/867 KB   1397/1612 KB   652/867 KB   1377/1612 KB   656/867 KB   1397/1612 KB   660/867 KB   1397/1612 KB   664/867 KB   1397/1612 KB   664/867 KB   1401/1612 KB   668/867 KB   1405/1612 KB   668/867 KB   1409/1612 KB   668/867 KB   1413/1612 KB   668/867 KB   1417/1612 KB   668/867 KB   1421/1612 KB   668/867 KB   1425/1612 KB   668/867 KB   1429/1612 KB   668/867 KB   1433/1612 KB   668/867 KB   1401/1612 KB   672/867 KB   1433/1612 KB   676/867 KB   1433/1612 KB   680/867 KB   1433/1612 KB   680/867 KB   1437/1612 KB   680/867 KB   1441/1612 KB   680/867 KB   1445/1612 KB   680/867 KB   1449/1612 KB   680/867 KB   1453/1612 KB   680/867 KB   1457/1612 KB   680/867 KB   1461/1612 KB   680/867 KB   1465/1612 KB   680/867 KB   1469/1612 KB   680/867 KB   1473/1612 KB   680/867 KB   1477/1612 KB   680/867 KB   1481/1612 KB   680/867 KB   1485/1612 KB   680/867 KB   1489/1612 KB   680/867 KB   1493/1612 KB   680/867 KB   1497/1612 KB   680/867 KB   1501/1612 KB   680/867 KB   1505/1612 KB   680/867 KB   1509/1612 KB   680/867 KB   1513/1612 KB   680/867 KB   1517/1612 KB   680/867 KB   1521/1612 KB   680/867 KB   1525/1612 KB   680/867 KB   1529/1612 KB   680/867 KB   1533/1612 KB   680/867 KB   1537/1612 KB   680/867 KB   1541/1612 KB   680/867 KB   1545/1612 KB   680/867 KB   1549/1612 KB   680/867 KB   1553/1612 KB   680/867 KB   1557/1612 KB   680/867 KB   1561/1612 KB   680/867 KB   1565/1612 KB   680/867 KB   1569/1612 KB   680/867 KB   1573/1612 KB   680/867 KB   1577/1612 KB   680/867 KB   1581/1612 KB   680/867 KB   1585/1612 KB   680/867 KB   1589/1612 KB   684/867 KB   1589/1612 KB   688/867 KB   1589/1612 KB   692/867 KB   1589/1612 KB   696/867 KB   1589/1612 KB   696/867 KB   1593/1612 KB   696/867 KB   1597/1612 KB   696/867 KB   1601/1612 KB   696/867 KB   1605/1612 KB   696/867 KB   1609/1612 KB   696/867 KB   1612/1612 KB   700/867 KB   1612/1612 KB   704/867 KB   1612/1612 KB   708/867 KB   1612/1612 KB   712/867 KB   1612/1612 KB   716/867 KB   1612/1612 KB   720/867 KB   1612/1612 KB   724/867 KB   1612/1612 KB   728/867 KB   1612/1612 KB   732/867 KB   1612/1612 KB   736/867 KB   1612/1612 KB   740/867 KB   1612/1612 KB   744/867 KB   1612/1612 KB   748/867 KB   1612/1612 KB   752/867 KB   1612/1612 KB   756/867 KB   1612/1612 KB   760/867 KB   1612/1612 KB   764/867 KB   1612/1612 KB   768/867 KB   1612/1612 KB   772/867 KB   1612/1612 KB   776/867 KB   1612/1612 KB   780/867 KB   1612/1612 KB   784/867 KB   1612/1612 KB   788/867 KB   1612/1612 KB   792/867 KB   1612/1612 KB   796/867 KB   1612/1612 KB   800/867 KB   1612/1612 KB   804/867 KB   1612/1612 KB   808/867 KB   1612/1612 KB   812/867 KB   1612/1612 KB   816/867 KB   1612/1612 KB   820/867 KB   1612/1612 KB   824/867 KB   1612/1612 KB   828/867 KB   1612/1612 KB   832/867 KB   1612/1612 KB   836/867 KB   1612/1612 KB   840/867 KB   1612/1612 KB   844/867 KB   1612/1612 KB   848/867 KB   1612/1612 KB   852/867 KB   1612/1612 KB   856/867 KB   1612/1612 KB   860/867 KB   1612/1612 KB   864/867 KB   1612/1612 KB   867/867 KB   1612/1612 KB                               Downloaded: https://repo.maven.apache.org/maven2/com/google/guava/guava/11.0.1/guava-11.0.1.jar (1612 KB at 782.5 KB/sec)
                            Downloaded: https://repo.maven.apache.org/maven2/org/testng/testng/5.11/testng-5.11-jdk15.jar (867 KB at 401.2 KB/sec)
[INFO] 
[INFO] --- maven-remote-resources-plugin:1.1:process (default) @ guice ---
[INFO] Setting property: classpath.resource.loader.class => 'org.codehaus.plexus.velocity.ContextClassLoaderResourceLoader'.
[INFO] Setting property: velocimacro.messages.on => 'false'.
[INFO] Setting property: resource.loader => 'classpath'.
[INFO] Setting property: resource.manager.logwhenfound => 'false'.
[INFO] 
[INFO] --- maven-resources-plugin:2.6:resources (default-resources) @ guice ---
[INFO] Using 'UTF-8' encoding to copy filtered resources.
[INFO] Copying 8 resources
[INFO] Copying 3 resources
[INFO] 
[INFO] --- maven-compiler-plugin:2.3.2:compile (default-compile) @ guice ---
[INFO] Compiling 264 source files to /home/artefact/tests/Maven Test Sources/guice-4.0-beta-test-sources/target/classes
[INFO] -------------------------------------------------------------
[ERROR] COMPILATION ERROR : 
[INFO] -------------------------------------------------------------
[ERROR] /home/artefact/tests/Maven Test Sources/guice-4.0-beta-test-sources/src/test/com/google/inject/Asserts.java:[20,29] error: package junit.framework does not exist
[ERROR] /home/artefact/tests/Maven Test Sources/guice-4.0-beta-test-sources/src/test/com/google/inject/Asserts.java:[20,0] error: static import only from classes and interfaces
[ERROR] /home/artefact/tests/Maven Test Sources/guice-4.0-beta-test-sources/src/test/com/google/inject/Asserts.java:[21,29] error: package junit.framework does not exist
[ERROR] /home/artefact/tests/Maven Test Sources/guice-4.0-beta-test-sources/src/test/com/google/inject/Asserts.java:[21,0] error: static import only from classes and interfaces
[ERROR] /home/artefact/tests/Maven Test Sources/guice-4.0-beta-test-sources/src/test/com/google/inject/Asserts.java:[22,29] error: package junit.framework does not exist
[ERROR] /home/artefact/tests/Maven Test Sources/guice-4.0-beta-test-sources/src/test/com/google/inject/Asserts.java:[22,0] error: static import only from classes and interfaces
[ERROR] /home/artefact/tests/Maven Test Sources/guice-4.0-beta-test-sources/src/test/com/google/inject/Asserts.java:[24,22] error: package junit.framework does not exist
[ERROR] /home/artefact/tests/Maven Test Sources/guice-4.0-beta-test-sources/src/test/com/google/inject/InjectorTest.java:[24,22] error: package junit.framework does not exist
[ERROR] /home/artefact/tests/Maven Test Sources/guice-4.0-beta-test-sources/src/test/com/google/inject/InjectorTest.java:[39,34] error: cannot find symbol
[ERROR]  class TestCase
/home/artefact/tests/Maven Test Sources/guice-4.0-beta-test-sources/src/test/com/google/inject/spi/FailingBindingScopingVisitor.java:[21,22] error: package junit.framework does not exist
[ERROR] /home/artefact/tests/Maven Test Sources/guice-4.0-beta-test-sources/src/test/com/google/inject/internal/ProxyFactoryTest.java:[28,22] error: package junit.framework does not exist
[ERROR] /home/artefact/tests/Maven Test Sources/guice-4.0-beta-test-sources/src/test/com/google/inject/internal/ProxyFactoryTest.java:[41,38] error: cannot find symbol
[ERROR]  class TestCase
/home/artefact/tests/Maven Test Sources/guice-4.0-beta-test-sources/src/test/com/google/inject/ImplicitBindingTest.java:[24,22] error: package junit.framework does not exist
[ERROR] /home/artefact/tests/Maven Test Sources/guice-4.0-beta-test-sources/src/test/com/google/inject/ImplicitBindingTest.java:[31,41] error: cannot find symbol
[ERROR]  class TestCase
/home/artefact/tests/Maven Test Sources/guice-4.0-beta-test-sources/src/test/com/google/inject/spi/BindingTargetVisitorTest.java:[22,22] error: package junit.framework does not exist
[ERROR] /home/artefact/tests/Maven Test Sources/guice-4.0-beta-test-sources/src/test/com/google/inject/spi/BindingTargetVisitorTest.java:[30,46] error: cannot find symbol
[ERROR]  class TestCase
/home/artefact/tests/Maven Test Sources/guice-4.0-beta-test-sources/src/test/com/googlecode/guice/OSGiContainerTest.java:[20,21] error: package aQute.bnd.main does not exist
[ERROR] /home/artefact/tests/Maven Test Sources/guice-4.0-beta-test-sources/src/test/com/googlecode/guice/OSGiContainerTest.java:[24,22] error: package junit.framework does not exist
[ERROR] /home/artefact/tests/Maven Test Sources/guice-4.0-beta-test-sources/src/test/com/googlecode/guice/OSGiContainerTest.java:[26,25] error: package org.osgi.framework does not exist
[ERROR] /home/artefact/tests/Maven Test Sources/guice-4.0-beta-test-sources/src/test/com/googlecode/guice/OSGiContainerTest.java:[27,32] error: package org.osgi.framework.launch does not exist
[ERROR] /home/artefact/tests/Maven Test Sources/guice-4.0-beta-test-sources/src/test/com/googlecode/guice/OSGiContainerTest.java:[28,32] error: package org.osgi.framework.launch does not exist
[ERROR] /home/artefact/tests/Maven Test Sources/guice-4.0-beta-test-sources/src/test/com/googlecode/guice/OSGiContainerTest.java:[46,12] error: cannot find symbol
[ERROR]  class TestCase
/home/artefact/tests/Maven Test Sources/guice-4.0-beta-test-sources/src/test/com/google/inject/ModuleTest.java:[5,22] error: package junit.framework does not exist
[ERROR] /home/artefact/tests/Maven Test Sources/guice-4.0-beta-test-sources/src/test/com/google/inject/ModuleTest.java:[12,32] error: cannot find symbol
[ERROR]  class TestCase
/home/artefact/tests/Maven Test Sources/guice-4.0-beta-test-sources/src/test/com/google/inject/KeyTest.java:[28,22] error: package junit.framework does not exist
[ERROR] /home/artefact/tests/Maven Test Sources/guice-4.0-beta-test-sources/src/test/com/google/inject/KeyTest.java:[44,29] error: cannot find symbol
[ERROR]  class TestCase
/home/artefact/tests/Maven Test Sources/guice-4.0-beta-test-sources/src/test/com/google/inject/spi/ToolStageInjectorTest.java:[14,22] error: package junit.framework does not exist
[ERROR] /home/artefact/tests/Maven Test Sources/guice-4.0-beta-test-sources/src/test/com/google/inject/spi/ToolStageInjectorTest.java:[21,43] error: cannot find symbol
[ERROR]  class TestCase
/home/artefact/tests/Maven Test Sources/guice-4.0-beta-test-sources/src/test/com/google/inject/ProvisionListenerTest.java:[35,22] error: package junit.framework does not exist
[ERROR] /home/artefact/tests/Maven Test Sources/guice-4.0-beta-test-sources/src/test/com/google/inject/ProvisionListenerTest.java:[47,43] error: cannot find symbol
[ERROR]  class TestCase
/home/artefact/tests/Maven Test Sources/guice-4.0-beta-test-sources/src/test/com/google/inject/BinderTestSuite.java:[32,22] error: package junit.framework does not exist
[ERROR] /home/artefact/tests/Maven Test Sources/guice-4.0-beta-test-sources/src/test/com/google/inject/BinderTestSuite.java:[33,22] error: package junit.framework does not exist
[ERROR] /home/artefact/tests/Maven Test Sources/guice-4.0-beta-test-sources/src/test/com/google/inject/BinderTestSuite.java:[34,22] error: package junit.framework does not exist
[ERROR] /home/artefact/tests/Maven Test Sources/guice-4.0-beta-test-sources/src/test/com/google/inject/BinderTestSuite.java:[45,37] error: cannot find symbol
[ERROR]  class TestCase
/home/artefact/tests/Maven Test Sources/guice-4.0-beta-test-sources/src/test/com/google/inject/BinderTestSuite.java:[47,16] error: cannot find symbol
[ERROR]  class BinderTestSuite
/home/artefact/tests/Maven Test Sources/guice-4.0-beta-test-sources/src/test/com/google/inject/BinderTestSuite.java:[362,27] error: cannot find symbol
[ERROR]  class Builder
/home/artefact/tests/Maven Test Sources/guice-4.0-beta-test-sources/src/test/com/google/inject/BinderTestSuite.java:[378,42] error: cannot find symbol
[ERROR]  class BinderTestSuite
/home/artefact/tests/Maven Test Sources/guice-4.0-beta-test-sources/src/test/com/google/inject/BinderTestSuite.java:[448,52] error: cannot find symbol
[ERROR]  class BinderTestSuite
/home/artefact/tests/Maven Test Sources/guice-4.0-beta-test-sources/src/test/com/google/inject/BinderTestSuite.java:[476,57] error: cannot find symbol
[ERROR]  class BinderTestSuite
/home/artefact/tests/Maven Test Sources/guice-4.0-beta-test-sources/src/test/com/google/inject/BinderTestSuite.java:[545,49] error: cannot find symbol
[ERROR]  class BinderTestSuite
/home/artefact/tests/Maven Test Sources/guice-4.0-beta-test-sources/src/test/com/google/inject/BindingAnnotationTest.java:[22,22] error: package junit.framework does not exist
[ERROR] /home/artefact/tests/Maven Test Sources/guice-4.0-beta-test-sources/src/test/com/google/inject/BindingAnnotationTest.java:[30,43] error: cannot find symbol
[ERROR]  class TestCase
/home/artefact/tests/Maven Test Sources/guice-4.0-beta-test-sources/src/test/com/google/inject/internal/MoreTypesTest.java:[21,22] error: package junit.framework does not exist
[ERROR] /home/artefact/tests/Maven Test Sources/guice-4.0-beta-test-sources/src/test/com/google/inject/internal/MoreTypesTest.java:[30,35] error: cannot find symbol
[ERROR]  class TestCase
/home/artefact/tests/Maven Test Sources/guice-4.0-beta-test-sources/src/test/com/google/inject/ProvisionExceptionsTest.java:[23,22] error: package junit.framework does not exist
[ERROR] /home/artefact/tests/Maven Test Sources/guice-4.0-beta-test-sources/src/test/com/google/inject/ProvisionExceptionsTest.java:[33,45] error: cannot find symbol
[ERROR]  class TestCase
/home/artefact/tests/Maven Test Sources/guice-4.0-beta-test-sources/src/test/com/google/inject/PrivateModuleTest.java:[30,22] error: package junit.framework does not exist
[ERROR] /home/artefact/tests/Maven Test Sources/guice-4.0-beta-test-sources/src/test/com/google/inject/PrivateModuleTest.java:[39,39] error: cannot find symbol
[ERROR]  class TestCase
/home/artefact/tests/Maven Test Sources/guice-4.0-beta-test-sources/src/test/com/googlecode/guice/GuiceTck.java:[23,22] error: package junit.framework does not exist
[ERROR] /home/artefact/tests/Maven Test Sources/guice-4.0-beta-test-sources/src/test/com/googlecode/guice/GuiceTck.java:[24,22] error: package junit.framework does not exist
[ERROR] /home/artefact/tests/Maven Test Sources/guice-4.0-beta-test-sources/src/test/com/googlecode/guice/GuiceTck.java:[26,23] error: package org.atinject.tck does not exist
[ERROR] /home/artefact/tests/Maven Test Sources/guice-4.0-beta-test-sources/src/test/com/googlecode/guice/GuiceTck.java:[27,28] error: package org.atinject.tck.auto does not exist
[ERROR] /home/artefact/tests/Maven Test Sources/guice-4.0-beta-test-sources/src/test/com/googlecode/guice/GuiceTck.java:[28,28] error: package org.atinject.tck.auto does not exist
[ERROR] /home/artefact/tests/Maven Test Sources/guice-4.0-beta-test-sources/src/test/com/googlecode/guice/GuiceTck.java:[29,28] error: package org.atinject.tck.auto does not exist
[ERROR] /home/artefact/tests/Maven Test Sources/guice-4.0-beta-test-sources/src/test/com/googlecode/guice/GuiceTck.java:[30,28] error: package org.atinject.tck.auto does not exist
[ERROR] /home/artefact/tests/Maven Test Sources/guice-4.0-beta-test-sources/src/test/com/googlecode/guice/GuiceTck.java:[31,28] error: package org.atinject.tck.auto does not exist
[ERROR] /home/artefact/tests/Maven Test Sources/guice-4.0-beta-test-sources/src/test/com/googlecode/guice/GuiceTck.java:[32,28] error: package org.atinject.tck.auto does not exist
[ERROR] /home/artefact/tests/Maven Test Sources/guice-4.0-beta-test-sources/src/test/com/googlecode/guice/GuiceTck.java:[33,28] error: package org.atinject.tck.auto does not exist
[ERROR] /home/artefact/tests/Maven Test Sources/guice-4.0-beta-test-sources/src/test/com/googlecode/guice/GuiceTck.java:[34,28] error: package org.atinject.tck.auto does not exist
[ERROR] /home/artefact/tests/Maven Test Sources/guice-4.0-beta-test-sources/src/test/com/googlecode/guice/GuiceTck.java:[35,28] error: package org.atinject.tck.auto does not exist
[ERROR] /home/artefact/tests/Maven Test Sources/guice-4.0-beta-test-sources/src/test/com/googlecode/guice/GuiceTck.java:[36,40] error: package org.atinject.tck.auto.accessories does not exist
[ERROR] /home/artefact/tests/Maven Test Sources/guice-4.0-beta-test-sources/src/test/com/googlecode/guice/GuiceTck.java:[37,40] error: package org.atinject.tck.auto.accessories does not exist
[ERROR] /home/artefact/tests/Maven Test Sources/guice-4.0-beta-test-sources/src/test/com/googlecode/guice/GuiceTck.java:[41,30] error: cannot find symbol
[ERROR]  class TestCase
/home/artefact/tests/Maven Test Sources/guice-4.0-beta-test-sources/src/test/com/googlecode/guice/GuiceTck.java:[43,16] error: cannot find symbol
[ERROR]  class GuiceTck
/home/artefact/tests/Maven Test Sources/guice-4.0-beta-test-sources/src/test/com/googlecode/guice/bundle/OSGiTestActivator.java:[28,25] error: package org.osgi.framework does not exist
[ERROR] /home/artefact/tests/Maven Test Sources/guice-4.0-beta-test-sources/src/test/com/googlecode/guice/bundle/OSGiTestActivator.java:[29,25] error: package org.osgi.framework does not exist
[ERROR] /home/artefact/tests/Maven Test Sources/guice-4.0-beta-test-sources/src/test/com/googlecode/guice/bundle/OSGiTestActivator.java:[30,25] error: package org.osgi.framework does not exist
[ERROR] /home/artefact/tests/Maven Test Sources/guice-4.0-beta-test-sources/src/test/com/googlecode/guice/bundle/OSGiTestActivator.java:[31,25] error: package org.osgi.framework does not exist
[ERROR] /home/artefact/tests/Maven Test Sources/guice-4.0-beta-test-sources/src/test/com/googlecode/guice/bundle/OSGiTestActivator.java:[43,15] error: cannot find symbol
[ERROR]  class BundleActivator
/home/artefact/tests/Maven Test Sources/guice-4.0-beta-test-sources/src/test/com/googlecode/guice/bundle/OSGiTestActivator.java:[482,20] error: cannot find symbol
[ERROR]  class OSGiTestActivator
/home/artefact/tests/Maven Test Sources/guice-4.0-beta-test-sources/src/test/com/googlecode/guice/bundle/OSGiTestActivator.java:[483,13] error: cannot find symbol
[ERROR]  class OSGiTestActivator
/home/artefact/tests/Maven Test Sources/guice-4.0-beta-test-sources/src/test/com/googlecode/guice/bundle/OSGiTestActivator.java:[510,19] error: cannot find symbol
[ERROR]  class OSGiTestActivator
/home/artefact/tests/Maven Test Sources/guice-4.0-beta-test-sources/src/test/com/googlecode/guice/bundle/OSGiTestActivator.java:[419,10] error: cannot find symbol
[ERROR]  class TestModule
/home/artefact/tests/Maven Test Sources/guice-4.0-beta-test-sources/src/test/com/googlecode/guice/bundle/OSGiTestActivator.java:[421,15] error: cannot find symbol
[ERROR]  class TestModule
/home/artefact/tests/Maven Test Sources/guice-4.0-beta-test-sources/src/test/com/google/inject/example/ClientServiceWithDependencyInjection.java:[19,29] error: package junit.framework does not exist
[ERROR] /home/artefact/tests/Maven Test Sources/guice-4.0-beta-test-sources/src/test/com/google/inject/example/ClientServiceWithDependencyInjection.java:[19,0] error: static import only from classes and interfaces
[ERROR] /home/artefact/tests/Maven Test Sources/guice-4.0-beta-test-sources/src/test/com/google/inject/example/ClientServiceWithGuiceDefaults.java:[26,22] error: package junit.framework does not exist
[ERROR] /home/artefact/tests/Maven Test Sources/guice-4.0-beta-test-sources/src/test/com/google/inject/BoundInstanceInjectionTest.java:[26,22] error: package junit.framework does not exist
[ERROR] /home/artefact/tests/Maven Test Sources/guice-4.0-beta-test-sources/src/test/com/google/inject/BoundInstanceInjectionTest.java:[34,48] error: cannot find symbol
[ERROR]  class TestCase
/home/artefact/tests/Maven Test Sources/guice-4.0-beta-test-sources/src/test/com/google/inject/ProvisionExceptionTest.java:[27,22] error: package junit.framework does not exist
[ERROR] /home/artefact/tests/Maven Test Sources/guice-4.0-beta-test-sources/src/test/com/google/inject/ProvisionExceptionTest.java:[37,44] error: cannot find symbol
[ERROR]  class TestCase
/home/artefact/tests/Maven Test Sources/guice-4.0-beta-test-sources/src/test/com/google/inject/example/ClientServiceWithFactories.java:[19,29] error: package junit.framework does not exist
[ERROR] /home/artefact/tests/Maven Test Sources/guice-4.0-beta-test-sources/src/test/com/google/inject/example/ClientServiceWithFactories.java:[19,0] error: static import only from classes and interfaces
[ERROR] /home/artefact/tests/Maven Test Sources/guice-4.0-beta-test-sources/src/test/com/google/inject/LoggerInjectionTest.java:[7,22] error: package junit.framework does not exist
[ERROR] /home/artefact/tests/Maven Test Sources/guice-4.0-beta-test-sources/src/test/com/google/inject/LoggerInjectionTest.java:[16,41] error: cannot find symbol
[ERROR]  class TestCase
/home/artefact/tests/Maven Test Sources/guice-4.0-beta-test-sources/src/test/com/google/inject/SuiteUtils.java:[19,22] error: package junit.framework does not exist
[ERROR] /home/artefact/tests/Maven Test Sources/guice-4.0-beta-test-sources/src/test/com/google/inject/SuiteUtils.java:[20,22] error: package junit.framework does not exist
[ERROR] /home/artefact/tests/Maven Test Sources/guice-4.0-beta-test-sources/src/test/com/google/inject/SuiteUtils.java:[27,48] error: cannot find symbol
[ERROR]  class SuiteUtils
/home/artefact/tests/Maven Test Sources/guice-4.0-beta-test-sources/src/test/com/google/inject/SuiteUtils.java:[27,16] error: cannot find symbol
[ERROR]  class SuiteUtils
/home/artefact/tests/Maven Test Sources/guice-4.0-beta-test-sources/src/test/com/google/inject/MembersInjectorTest.java:[24,22] error: package junit.framework does not exist
[ERROR] /home/artefact/tests/Maven Test Sources/guice-4.0-beta-test-sources/src/test/com/google/inject/MembersInjectorTest.java:[25,22] error: package junit.framework does not exist
[ERROR] /home/artefact/tests/Maven Test Sources/guice-4.0-beta-test-sources/src/test/com/google/inject/MembersInjectorTest.java:[32,41] error: cannot find symbol
[ERROR]  class TestCase
/home/artefact/tests/Maven Test Sources/guice-4.0-beta-test-sources/src/test/com/google/inject/internal/util/LineNumbersTest.java:[28,22] error: package junit.framework does not exist
[ERROR] /home/artefact/tests/Maven Test Sources/guice-4.0-beta-test-sources/src/test/com/google/inject/internal/util/LineNumbersTest.java:[35,37] error: cannot find symbol
[ERROR]  class TestCase
/home/artefact/tests/Maven Test Sources/guice-4.0-beta-test-sources/src/test/com/google/inject/SerializationTest.java:[22,22] error: package junit.framework does not exist
[ERROR] /home/artefact/tests/Maven Test Sources/guice-4.0-beta-test-sources/src/test/com/google/inject/SerializationTest.java:[23,22] error: package junit.framework does not exist
[ERROR] /home/artefact/tests/Maven Test Sources/guice-4.0-beta-test-sources/src/test/com/google/inject/SerializationTest.java:[32,39] error: cannot find symbol
[ERROR]  class TestCase
/home/artefact/tests/Maven Test Sources/guice-4.0-beta-test-sources/src/test/com/google/inject/spi/HasDependenciesTest.java:[28,22] error: package junit.framework does not exist
[ERROR] /home/artefact/tests/Maven Test Sources/guice-4.0-beta-test-sources/src/test/com/google/inject/spi/HasDependenciesTest.java:[35,41] error: cannot find symbol
[ERROR]  class TestCase
/home/artefact/tests/Maven Test Sources/guice-4.0-beta-test-sources/src/test/com/google/inject/OverrideModuleTest.java:[29,22] error: package junit.framework does not exist
[INFO] 100 errors 
[INFO] -------------------------------------------------------------
[INFO] ------------------------------------------------------------------------
[INFO] BUILD FAILURE
[INFO] ------------------------------------------------------------------------
[INFO] Total time: 12.878 s
[INFO] Finished at: 2017-09-21T11:58:55+02:00
[INFO] Final Memory: 22M/271M
[INFO] ------------------------------------------------------------------------
[ERROR] Failed to execute goal org.apache.maven.plugins:maven-compiler-plugin:2.3.2:compile (default-compile) on project guice: Compilation failure: Compilation failure:
[ERROR] /home/artefact/tests/Maven Test Sources/guice-4.0-beta-test-sources/src/test/com/google/inject/Asserts.java:[20,29] error: package junit.framework does not exist
[ERROR] /home/artefact/tests/Maven Test Sources/guice-4.0-beta-test-sources/src/test/com/google/inject/Asserts.java:[20,0] error: static import only from classes and interfaces
[ERROR] /home/artefact/tests/Maven Test Sources/guice-4.0-beta-test-sources/src/test/com/google/inject/Asserts.java:[21,29] error: package junit.framework does not exist
[ERROR] /home/artefact/tests/Maven Test Sources/guice-4.0-beta-test-sources/src/test/com/google/inject/Asserts.java:[21,0] error: static import only from classes and interfaces
[ERROR] /home/artefact/tests/Maven Test Sources/guice-4.0-beta-test-sources/src/test/com/google/inject/Asserts.java:[22,29] error: package junit.framework does not exist
[ERROR] /home/artefact/tests/Maven Test Sources/guice-4.0-beta-test-sources/src/test/com/google/inject/Asserts.java:[22,0] error: static import only from classes and interfaces
[ERROR] /home/artefact/tests/Maven Test Sources/guice-4.0-beta-test-sources/src/test/com/google/inject/Asserts.java:[24,22] error: package junit.framework does not exist
[ERROR] /home/artefact/tests/Maven Test Sources/guice-4.0-beta-test-sources/src/test/com/google/inject/InjectorTest.java:[24,22] error: package junit.framework does not exist
[ERROR] /home/artefact/tests/Maven Test Sources/guice-4.0-beta-test-sources/src/test/com/google/inject/InjectorTest.java:[39,34] error: cannot find symbol
[ERROR] class TestCase
[ERROR] /home/artefact/tests/Maven Test Sources/guice-4.0-beta-test-sources/src/test/com/google/inject/spi/FailingBindingScopingVisitor.java:[21,22] error: package junit.framework does not exist
[ERROR] /home/artefact/tests/Maven Test Sources/guice-4.0-beta-test-sources/src/test/com/google/inject/internal/ProxyFactoryTest.java:[28,22] error: package junit.framework does not exist
[ERROR] /home/artefact/tests/Maven Test Sources/guice-4.0-beta-test-sources/src/test/com/google/inject/internal/ProxyFactoryTest.java:[41,38] error: cannot find symbol
[ERROR] class TestCase
[ERROR] /home/artefact/tests/Maven Test Sources/guice-4.0-beta-test-sources/src/test/com/google/inject/ImplicitBindingTest.java:[24,22] error: package junit.framework does not exist
[ERROR] /home/artefact/tests/Maven Test Sources/guice-4.0-beta-test-sources/src/test/com/google/inject/ImplicitBindingTest.java:[31,41] error: cannot find symbol
[ERROR] class TestCase
[ERROR] /home/artefact/tests/Maven Test Sources/guice-4.0-beta-test-sources/src/test/com/google/inject/spi/BindingTargetVisitorTest.java:[22,22] error: package junit.framework does not exist
[ERROR] /home/artefact/tests/Maven Test Sources/guice-4.0-beta-test-sources/src/test/com/google/inject/spi/BindingTargetVisitorTest.java:[30,46] error: cannot find symbol
[ERROR] class TestCase
[ERROR] /home/artefact/tests/Maven Test Sources/guice-4.0-beta-test-sources/src/test/com/googlecode/guice/OSGiContainerTest.java:[20,21] error: package aQute.bnd.main does not exist
[ERROR] /home/artefact/tests/Maven Test Sources/guice-4.0-beta-test-sources/src/test/com/googlecode/guice/OSGiContainerTest.java:[24,22] error: package junit.framework does not exist
[ERROR] /home/artefact/tests/Maven Test Sources/guice-4.0-beta-test-sources/src/test/com/googlecode/guice/OSGiContainerTest.java:[26,25] error: package org.osgi.framework does not exist
[ERROR] /home/artefact/tests/Maven Test Sources/guice-4.0-beta-test-sources/src/test/com/googlecode/guice/OSGiContainerTest.java:[27,32] error: package org.osgi.framework.launch does not exist
[ERROR] /home/artefact/tests/Maven Test Sources/guice-4.0-beta-test-sources/src/test/com/googlecode/guice/OSGiContainerTest.java:[28,32] error: package org.osgi.framework.launch does not exist
[ERROR] /home/artefact/tests/Maven Test Sources/guice-4.0-beta-test-sources/src/test/com/googlecode/guice/OSGiContainerTest.java:[46,12] error: cannot find symbol
[ERROR] class TestCase
[ERROR] /home/artefact/tests/Maven Test Sources/guice-4.0-beta-test-sources/src/test/com/google/inject/ModuleTest.java:[5,22] error: package junit.framework does not exist
[ERROR] /home/artefact/tests/Maven Test Sources/guice-4.0-beta-test-sources/src/test/com/google/inject/ModuleTest.java:[12,32] error: cannot find symbol
[ERROR] class TestCase
[ERROR] /home/artefact/tests/Maven Test Sources/guice-4.0-beta-test-sources/src/test/com/google/inject/KeyTest.java:[28,22] error: package junit.framework does not exist
[ERROR] /home/artefact/tests/Maven Test Sources/guice-4.0-beta-test-sources/src/test/com/google/inject/KeyTest.java:[44,29] error: cannot find symbol
[ERROR] class TestCase
[ERROR] /home/artefact/tests/Maven Test Sources/guice-4.0-beta-test-sources/src/test/com/google/inject/spi/ToolStageInjectorTest.java:[14,22] error: package junit.framework does not exist
[ERROR] /home/artefact/tests/Maven Test Sources/guice-4.0-beta-test-sources/src/test/com/google/inject/spi/ToolStageInjectorTest.java:[21,43] error: cannot find symbol
[ERROR] class TestCase
[ERROR] /home/artefact/tests/Maven Test Sources/guice-4.0-beta-test-sources/src/test/com/google/inject/ProvisionListenerTest.java:[35,22] error: package junit.framework does not exist
[ERROR] /home/artefact/tests/Maven Test Sources/guice-4.0-beta-test-sources/src/test/com/google/inject/ProvisionListenerTest.java:[47,43] error: cannot find symbol
[ERROR] class TestCase
[ERROR] /home/artefact/tests/Maven Test Sources/guice-4.0-beta-test-sources/src/test/com/google/inject/BinderTestSuite.java:[32,22] error: package junit.framework does not exist
[ERROR] /home/artefact/tests/Maven Test Sources/guice-4.0-beta-test-sources/src/test/com/google/inject/BinderTestSuite.java:[33,22] error: package junit.framework does not exist
[ERROR] /home/artefact/tests/Maven Test Sources/guice-4.0-beta-test-sources/src/test/com/google/inject/BinderTestSuite.java:[34,22] error: package junit.framework does not exist
[ERROR] /home/artefact/tests/Maven Test Sources/guice-4.0-beta-test-sources/src/test/com/google/inject/BinderTestSuite.java:[45,37] error: cannot find symbol
[ERROR] class TestCase
[ERROR] /home/artefact/tests/Maven Test Sources/guice-4.0-beta-test-sources/src/test/com/google/inject/BinderTestSuite.java:[47,16] error: cannot find symbol
[ERROR] class BinderTestSuite
[ERROR] /home/artefact/tests/Maven Test Sources/guice-4.0-beta-test-sources/src/test/com/google/inject/BinderTestSuite.java:[362,27] error: cannot find symbol
[ERROR] class Builder
[ERROR] /home/artefact/tests/Maven Test Sources/guice-4.0-beta-test-sources/src/test/com/google/inject/BinderTestSuite.java:[378,42] error: cannot find symbol
[ERROR] class BinderTestSuite
[ERROR] /home/artefact/tests/Maven Test Sources/guice-4.0-beta-test-sources/src/test/com/google/inject/BinderTestSuite.java:[448,52] error: cannot find symbol
[ERROR] class BinderTestSuite
[ERROR] /home/artefact/tests/Maven Test Sources/guice-4.0-beta-test-sources/src/test/com/google/inject/BinderTestSuite.java:[476,57] error: cannot find symbol
[ERROR] class BinderTestSuite
[ERROR] /home/artefact/tests/Maven Test Sources/guice-4.0-beta-test-sources/src/test/com/google/inject/BinderTestSuite.java:[545,49] error: cannot find symbol
[ERROR] class BinderTestSuite
[ERROR] /home/artefact/tests/Maven Test Sources/guice-4.0-beta-test-sources/src/test/com/google/inject/BindingAnnotationTest.java:[22,22] error: package junit.framework does not exist
[ERROR] /home/artefact/tests/Maven Test Sources/guice-4.0-beta-test-sources/src/test/com/google/inject/BindingAnnotationTest.java:[30,43] error: cannot find symbol
[ERROR] class TestCase
[ERROR] /home/artefact/tests/Maven Test Sources/guice-4.0-beta-test-sources/src/test/com/google/inject/internal/MoreTypesTest.java:[21,22] error: package junit.framework does not exist
[ERROR] /home/artefact/tests/Maven Test Sources/guice-4.0-beta-test-sources/src/test/com/google/inject/internal/MoreTypesTest.java:[30,35] error: cannot find symbol
[ERROR] class TestCase
[ERROR] /home/artefact/tests/Maven Test Sources/guice-4.0-beta-test-sources/src/test/com/google/inject/ProvisionExceptionsTest.java:[23,22] error: package junit.framework does not exist
[ERROR] /home/artefact/tests/Maven Test Sources/guice-4.0-beta-test-sources/src/test/com/google/inject/ProvisionExceptionsTest.java:[33,45] error: cannot find symbol
[ERROR] class TestCase
[ERROR] /home/artefact/tests/Maven Test Sources/guice-4.0-beta-test-sources/src/test/com/google/inject/PrivateModuleTest.java:[30,22] error: package junit.framework does not exist
[ERROR] /home/artefact/tests/Maven Test Sources/guice-4.0-beta-test-sources/src/test/com/google/inject/PrivateModuleTest.java:[39,39] error: cannot find symbol
[ERROR] class TestCase
[ERROR] /home/artefact/tests/Maven Test Sources/guice-4.0-beta-test-sources/src/test/com/googlecode/guice/GuiceTck.java:[23,22] error: package junit.framework does not exist
[ERROR] /home/artefact/tests/Maven Test Sources/guice-4.0-beta-test-sources/src/test/com/googlecode/guice/GuiceTck.java:[24,22] error: package junit.framework does not exist
[ERROR] /home/artefact/tests/Maven Test Sources/guice-4.0-beta-test-sources/src/test/com/googlecode/guice/GuiceTck.java:[26,23] error: package org.atinject.tck does not exist
[ERROR] /home/artefact/tests/Maven Test Sources/guice-4.0-beta-test-sources/src/test/com/googlecode/guice/GuiceTck.java:[27,28] error: package org.atinject.tck.auto does not exist
[ERROR] /home/artefact/tests/Maven Test Sources/guice-4.0-beta-test-sources/src/test/com/googlecode/guice/GuiceTck.java:[28,28] error: package org.atinject.tck.auto does not exist
[ERROR] /home/artefact/tests/Maven Test Sources/guice-4.0-beta-test-sources/src/test/com/googlecode/guice/GuiceTck.java:[29,28] error: package org.atinject.tck.auto does not exist
[ERROR] /home/artefact/tests/Maven Test Sources/guice-4.0-beta-test-sources/src/test/com/googlecode/guice/GuiceTck.java:[30,28] error: package org.atinject.tck.auto does not exist
[ERROR] /home/artefact/tests/Maven Test Sources/guice-4.0-beta-test-sources/src/test/com/googlecode/guice/GuiceTck.java:[31,28] error: package org.atinject.tck.auto does not exist
[ERROR] /home/artefact/tests/Maven Test Sources/guice-4.0-beta-test-sources/src/test/com/googlecode/guice/GuiceTck.java:[32,28] error: package org.atinject.tck.auto does not exist
[ERROR] /home/artefact/tests/Maven Test Sources/guice-4.0-beta-test-sources/src/test/com/googlecode/guice/GuiceTck.java:[33,28] error: package org.atinject.tck.auto does not exist
[ERROR] /home/artefact/tests/Maven Test Sources/guice-4.0-beta-test-sources/src/test/com/googlecode/guice/GuiceTck.java:[34,28] error: package org.atinject.tck.auto does not exist
[ERROR] /home/artefact/tests/Maven Test Sources/guice-4.0-beta-test-sources/src/test/com/googlecode/guice/GuiceTck.java:[35,28] error: package org.atinject.tck.auto does not exist
[ERROR] /home/artefact/tests/Maven Test Sources/guice-4.0-beta-test-sources/src/test/com/googlecode/guice/GuiceTck.java:[36,40] error: package org.atinject.tck.auto.accessories does not exist
[ERROR] /home/artefact/tests/Maven Test Sources/guice-4.0-beta-test-sources/src/test/com/googlecode/guice/GuiceTck.java:[37,40] error: package org.atinject.tck.auto.accessories does not exist
[ERROR] /home/artefact/tests/Maven Test Sources/guice-4.0-beta-test-sources/src/test/com/googlecode/guice/GuiceTck.java:[41,30] error: cannot find symbol
[ERROR] class TestCase
[ERROR] /home/artefact/tests/Maven Test Sources/guice-4.0-beta-test-sources/src/test/com/googlecode/guice/GuiceTck.java:[43,16] error: cannot find symbol
[ERROR] class GuiceTck
[ERROR] /home/artefact/tests/Maven Test Sources/guice-4.0-beta-test-sources/src/test/com/googlecode/guice/bundle/OSGiTestActivator.java:[28,25] error: package org.osgi.framework does not exist
[ERROR] /home/artefact/tests/Maven Test Sources/guice-4.0-beta-test-sources/src/test/com/googlecode/guice/bundle/OSGiTestActivator.java:[29,25] error: package org.osgi.framework does not exist
[ERROR] /home/artefact/tests/Maven Test Sources/guice-4.0-beta-test-sources/src/test/com/googlecode/guice/bundle/OSGiTestActivator.java:[30,25] error: package org.osgi.framework does not exist
[ERROR] /home/artefact/tests/Maven Test Sources/guice-4.0-beta-test-sources/src/test/com/googlecode/guice/bundle/OSGiTestActivator.java:[31,25] error: package org.osgi.framework does not exist
[ERROR] /home/artefact/tests/Maven Test Sources/guice-4.0-beta-test-sources/src/test/com/googlecode/guice/bundle/OSGiTestActivator.java:[43,15] error: cannot find symbol
[ERROR] class BundleActivator
[ERROR] /home/artefact/tests/Maven Test Sources/guice-4.0-beta-test-sources/src/test/com/googlecode/guice/bundle/OSGiTestActivator.java:[482,20] error: cannot find symbol
[ERROR] class OSGiTestActivator
[ERROR] /home/artefact/tests/Maven Test Sources/guice-4.0-beta-test-sources/src/test/com/googlecode/guice/bundle/OSGiTestActivator.java:[483,13] error: cannot find symbol
[ERROR] class OSGiTestActivator
[ERROR] /home/artefact/tests/Maven Test Sources/guice-4.0-beta-test-sources/src/test/com/googlecode/guice/bundle/OSGiTestActivator.java:[510,19] error: cannot find symbol
[ERROR] class OSGiTestActivator
[ERROR] /home/artefact/tests/Maven Test Sources/guice-4.0-beta-test-sources/src/test/com/googlecode/guice/bundle/OSGiTestActivator.java:[419,10] error: cannot find symbol
[ERROR] class TestModule
[ERROR] /home/artefact/tests/Maven Test Sources/guice-4.0-beta-test-sources/src/test/com/googlecode/guice/bundle/OSGiTestActivator.java:[421,15] error: cannot find symbol
[ERROR] class TestModule
[ERROR] /home/artefact/tests/Maven Test Sources/guice-4.0-beta-test-sources/src/test/com/google/inject/example/ClientServiceWithDependencyInjection.java:[19,29] error: package junit.framework does not exist
[ERROR] /home/artefact/tests/Maven Test Sources/guice-4.0-beta-test-sources/src/test/com/google/inject/example/ClientServiceWithDependencyInjection.java:[19,0] error: static import only from classes and interfaces
[ERROR] /home/artefact/tests/Maven Test Sources/guice-4.0-beta-test-sources/src/test/com/google/inject/example/ClientServiceWithGuiceDefaults.java:[26,22] error: package junit.framework does not exist
[ERROR] /home/artefact/tests/Maven Test Sources/guice-4.0-beta-test-sources/src/test/com/google/inject/BoundInstanceInjectionTest.java:[26,22] error: package junit.framework does not exist
[ERROR] /home/artefact/tests/Maven Test Sources/guice-4.0-beta-test-sources/src/test/com/google/inject/BoundInstanceInjectionTest.java:[34,48] error: cannot find symbol
[ERROR] class TestCase
[ERROR] /home/artefact/tests/Maven Test Sources/guice-4.0-beta-test-sources/src/test/com/google/inject/ProvisionExceptionTest.java:[27,22] error: package junit.framework does not exist
[ERROR] /home/artefact/tests/Maven Test Sources/guice-4.0-beta-test-sources/src/test/com/google/inject/ProvisionExceptionTest.java:[37,44] error: cannot find symbol
[ERROR] class TestCase
[ERROR] /home/artefact/tests/Maven Test Sources/guice-4.0-beta-test-sources/src/test/com/google/inject/example/ClientServiceWithFactories.java:[19,29] error: package junit.framework does not exist
[ERROR] /home/artefact/tests/Maven Test Sources/guice-4.0-beta-test-sources/src/test/com/google/inject/example/ClientServiceWithFactories.java:[19,0] error: static import only from classes and interfaces
[ERROR] /home/artefact/tests/Maven Test Sources/guice-4.0-beta-test-sources/src/test/com/google/inject/LoggerInjectionTest.java:[7,22] error: package junit.framework does not exist
[ERROR] /home/artefact/tests/Maven Test Sources/guice-4.0-beta-test-sources/src/test/com/google/inject/LoggerInjectionTest.java:[16,41] error: cannot find symbol
[ERROR] class TestCase
[ERROR] /home/artefact/tests/Maven Test Sources/guice-4.0-beta-test-sources/src/test/com/google/inject/SuiteUtils.java:[19,22] error: package junit.framework does not exist
[ERROR] /home/artefact/tests/Maven Test Sources/guice-4.0-beta-test-sources/src/test/com/google/inject/SuiteUtils.java:[20,22] error: package junit.framework does not exist
[ERROR] /home/artefact/tests/Maven Test Sources/guice-4.0-beta-test-sources/src/test/com/google/inject/SuiteUtils.java:[27,48] error: cannot find symbol
[ERROR] class SuiteUtils
[ERROR] /home/artefact/tests/Maven Test Sources/guice-4.0-beta-test-sources/src/test/com/google/inject/SuiteUtils.java:[27,16] error: cannot find symbol
[ERROR] class SuiteUtils
[ERROR] /home/artefact/tests/Maven Test Sources/guice-4.0-beta-test-sources/src/test/com/google/inject/MembersInjectorTest.java:[24,22] error: package junit.framework does not exist
[ERROR] /home/artefact/tests/Maven Test Sources/guice-4.0-beta-test-sources/src/test/com/google/inject/MembersInjectorTest.java:[25,22] error: package junit.framework does not exist
[ERROR] /home/artefact/tests/Maven Test Sources/guice-4.0-beta-test-sources/src/test/com/google/inject/MembersInjectorTest.java:[32,41] error: cannot find symbol
[ERROR] class TestCase
[ERROR] /home/artefact/tests/Maven Test Sources/guice-4.0-beta-test-sources/src/test/com/google/inject/internal/util/LineNumbersTest.java:[28,22] error: package junit.framework does not exist
[ERROR] /home/artefact/tests/Maven Test Sources/guice-4.0-beta-test-sources/src/test/com/google/inject/internal/util/LineNumbersTest.java:[35,37] error: cannot find symbol
[ERROR] class TestCase
[ERROR] /home/artefact/tests/Maven Test Sources/guice-4.0-beta-test-sources/src/test/com/google/inject/SerializationTest.java:[22,22] error: package junit.framework does not exist
[ERROR] /home/artefact/tests/Maven Test Sources/guice-4.0-beta-test-sources/src/test/com/google/inject/SerializationTest.java:[23,22] error: package junit.framework does not exist
[ERROR] /home/artefact/tests/Maven Test Sources/guice-4.0-beta-test-sources/src/test/com/google/inject/SerializationTest.java:[32,39] error: cannot find symbol
[ERROR] class TestCase
[ERROR] /home/artefact/tests/Maven Test Sources/guice-4.0-beta-test-sources/src/test/com/google/inject/spi/HasDependenciesTest.java:[28,22] error: package junit.framework does not exist
[ERROR] /home/artefact/tests/Maven Test Sources/guice-4.0-beta-test-sources/src/test/com/google/inject/spi/HasDependenciesTest.java:[35,41] error: cannot find symbol
[ERROR] class TestCase
[ERROR] /home/artefact/tests/Maven Test Sources/guice-4.0-beta-test-sources/src/test/com/google/inject/OverrideModuleTest.java:[29,22] error: package junit.framework does not exist
[ERROR] -> [Help 1]
[ERROR] 
[ERROR] To see the full stack trace of the errors, re-run Maven with the -e switch.
[ERROR] Re-run Maven using the -X switch to enable full debug logging.
[ERROR] 
[ERROR] For more information about the errors and possible solutions, please read the following articles:
[ERROR] [Help 1] http://cwiki.apache.org/confluence/display/MAVEN/MojoFailureException
